<?xml version="1.0" encoding="UTF-8"?>
<testng-results skipped="0" failed="0" ignored="0" total="1" passed="1">
  <reporter-output>
  </reporter-output>
  <suite name="Default suite" duration-ms="15754" started-at="2020-03-07T06:14:07Z" finished-at="2020-03-07T06:14:23Z">
    <groups>
    </groups>
    <test name="Default test" duration-ms="15754" started-at="2020-03-07T06:14:07Z" finished-at="2020-03-07T06:14:23Z">
      <class name="com.myFirstTestNGProject.TestAction">
        <test-method status="PASS" signature="browser()[pri:0, instance:com.myFirstTestNGProject.TestAction@5b275dab]" name="browser" is-config="true" duration-ms="10246" started-at="2020-03-07T06:14:07Z" finished-at="2020-03-07T06:14:17Z">
          <reporter-output>
          </reporter-output>
        </test-method> <!-- browser -->
        <test-method status="PASS" signature="actions()[pri:0, instance:com.myFirstTestNGProject.TestAction@5b275dab]" name="actions" duration-ms="5418" started-at="2020-03-07T06:14:17Z" finished-at="2020-03-07T06:14:23Z">
          <reporter-output>
          </reporter-output>
        </test-method> <!-- actions -->
      </class> <!-- com.myFirstTestNGProject.TestAction -->
    </test> <!-- Default test -->
  </suite> <!-- Default suite -->
</testng-results>
